{
  "uid" : "69e3803fd8630a98",
  "name" : "showNewsDetail()",
  "fullName" : "com.webapp.systemtest.UserST.showNewsDetail",
  "historyId" : "ff119cdc2e11933499e73fdc8ebb4e31",
  "time" : {
    "start" : 1577758854462,
    "stop" : 1577758860125,
    "duration" : 5663
  },
  "description" : "",
  "status" : "passed",
  "flaky" : true,
  "beforeStages" : [ ],
  "afterStages" : [ ],
  "labels" : [ {
    "name" : "host",
    "value" : "DESKTOP-LFKTAAU"
  }, {
    "name" : "thread",
    "value" : "16452@DESKTOP-LFKTAAU.main(1)"
  }, {
    "name" : "framework",
    "value" : "junit-platform"
  }, {
    "name" : "language",
    "value" : "java"
  }, {
    "name" : "package",
    "value" : "com.webapp.systemtest.UserST"
  }, {
    "name" : "testClass",
    "value" : "com.webapp.systemtest.UserST"
  }, {
    "name" : "testMethod",
    "value" : "showNewsDetail"
  }, {
    "name" : "suite",
    "value" : "com.webapp.systemtest.UserST"
  }, {
    "name" : "resultFormat",
    "value" : "allure2"
  } ],
  "parameters" : [ ],
  "links" : [ ],
  "hidden" : false,
  "retry" : false,
  "extra" : {
    "severity" : "normal",
    "retries" : [ {
      "uid" : "9729955828dad798",
      "status" : "failed",
      "statusDetails" : "Multiple Failures (3 failures)\r\n\torg.openqa.selenium.NoSuchElementException: no such element: Unable to locate element: {\"method\":\"css selector\",\"selector\":\"#title\"}\n  (Session info: chrome=79.0.3945.88)\nFor documentation on this error, please visit: https://www.seleniumhq.org/exceptions/no_such_element.html\nBuild info: version: '4.0.0-alpha-3', revision: '8c567de6dc'\nSystem info: host: 'DESKTOP-LFKTAAU', ip: '10.0.0.1', os.name: 'Windows 10', os.arch: 'amd64', os.version: '10.0', java.version: '1.8.0_211'\nDriver info: org.openqa.selenium.chrome.ChromeDriver\nCapabilities {acceptInsecureCerts: false, browserName: chrome, browserVersion: 79.0.3945.88, chrome: {chromedriverVersion: 79.0.3945.36 (3582db32b3389..., userDataDir: C:\\Users\\Dell\\AppData\\Local...}, goog:chromeOptions: {debuggerAddress: localhost:50767}, javascriptEnabled: true, networkConnectionEnabled: false, pageLoadStrategy: normal, platform: WINDOWS, platformName: WINDOWS, proxy: Proxy(), setWindowRect: true, strictFileInteractability: false, timeouts: {implicit: 0, pageLoad: 300000, script: 30000}, unhandledPromptBehavior: dismiss and notify}\nSession ID: 0d65c0b173fed4ff43acfef0bb9c2c6f\n*** Element info: {Using=id, value=title}\r\n\torg.openqa.selenium.NoSuchElementException: no such element: Unable to locate element: {\"method\":\"css selector\",\"selector\":\"#author\"}\n  (Session info: chrome=79.0.3945.88)\nFor documentation on this error, please visit: https://www.seleniumhq.org/exceptions/no_such_element.html\nBuild info: version: '4.0.0-alpha-3', revision: '8c567de6dc'\nSystem info: host: 'DESKTOP-LFKTAAU', ip: '10.0.0.1', os.name: 'Windows 10', os.arch: 'amd64', os.version: '10.0', java.version: '1.8.0_211'\nDriver info: org.openqa.selenium.chrome.ChromeDriver\nCapabilities {acceptInsecureCerts: false, browserName: chrome, browserVersion: 79.0.3945.88, chrome: {chromedriverVersion: 79.0.3945.36 (3582db32b3389..., userDataDir: C:\\Users\\Dell\\AppData\\Local...}, goog:chromeOptions: {debuggerAddress: localhost:50767}, javascriptEnabled: true, networkConnectionEnabled: false, pageLoadStrategy: normal, platform: WINDOWS, platformName: WINDOWS, proxy: Proxy(), setWindowRect: true, strictFileInteractability: false, timeouts: {implicit: 0, pageLoad: 300000, script: 30000}, unhandledPromptBehavior: dismiss and notify}\nSession ID: 0d65c0b173fed4ff43acfef0bb9c2c6f\n*** Element info: {Using=id, value=author}\r\n\torg.openqa.selenium.NoSuchElementException: no such element: Unable to locate element: {\"method\":\"css selector\",\"selector\":\"#detail\"}\n  (Session info: chrome=79.0.3945.88)\nFor documentation on this error, please visit: https://www.seleniumhq.org/exceptions/no_such_element.html\nBuild info: version: '4.0.0-alpha-3', revision: '8c567de6dc'\nSystem info: host: 'DESKTOP-LFKTAAU', ip: '10.0.0.1', os.name: 'Windows 10', os.arch: 'amd64', os.version: '10.0', java.version: '1.8.0_211'\nDriver info: org.openqa.selenium.chrome.ChromeDriver\nCapabilities {acceptInsecureCerts: false, browserName: chrome, browserVersion: 79.0.3945.88, chrome: {chromedriverVersion: 79.0.3945.36 (3582db32b3389..., userDataDir: C:\\Users\\Dell\\AppData\\Local...}, goog:chromeOptions: {debuggerAddress: localhost:50767}, javascriptEnabled: true, networkConnectionEnabled: false, pageLoadStrategy: normal, platform: WINDOWS, platformName: WINDOWS, proxy: Proxy(), setWindowRect: true, strictFileInteractability: false, timeouts: {implicit: 0, pageLoad: 300000, script: 30000}, unhandledPromptBehavior: dismiss and notify}\nSession ID: 0d65c0b173fed4ff43acfef0bb9c2c6f\n*** Element info: {Using=id, value=detail}",
      "time" : {
        "start" : 1577757898226,
        "stop" : 1577757903440,
        "duration" : 5214
      }
    }, {
      "uid" : "4c1115c562b91cb3",
      "status" : "passed",
      "time" : {
        "start" : 1577757364563,
        "stop" : 1577757371619,
        "duration" : 7056
      }
    }, {
      "uid" : "7e7784938a9e1234",
      "status" : "failed",
      "statusDetails" : "expected: <2> but was: <1>",
      "time" : {
        "start" : 1577756419903,
        "stop" : 1577756419992,
        "duration" : 89
      }
    }, {
      "uid" : "8de58bf2cd4f3b99",
      "status" : "failed",
      "statusDetails" : "expected: <2> but was: <1>",
      "time" : {
        "start" : 1577756104226,
        "stop" : 1577756104304,
        "duration" : 78
      }
    }, {
      "uid" : "7be0174f6a27a98e",
      "status" : "failed",
      "statusDetails" : "expected: <2> but was: <1>",
      "time" : {
        "start" : 1577755870737,
        "stop" : 1577755870828,
        "duration" : 91
      }
    }, {
      "uid" : "dcbea22e7cb3dff4",
      "status" : "failed",
      "statusDetails" : "expected: <2> but was: <0>",
      "time" : {
        "start" : 1577755806028,
        "stop" : 1577755806085,
        "duration" : 57
      }
    } ],
    "categories" : [ ],
    "tags" : [ ]
  },
  "source" : "69e3803fd8630a98.json",
  "parameterValues" : [ ]
}